<?xml version="1.0" encoding="UTF-8"?>
<testng-results skipped="0" failed="0" ignored="0" total="1" passed="1">
  <reporter-output>
  </reporter-output>
  <suite name="Default suite" duration-ms="42478" started-at="2020-10-03T11:03:13Z" finished-at="2020-10-03T11:03:56Z">
    <groups>
    </groups>
    <test name="Default test" duration-ms="42478" started-at="2020-10-03T11:03:13Z" finished-at="2020-10-03T11:03:56Z">
      <class name="Manipal.AppiumProject.CreatedOnComputers">
        <test-method status="PASS" signature="setUp()[pri:0, instance:Manipal.AppiumProject.CreatedOnComputers@1e88b3c]" name="setUp" is-config="true" duration-ms="30683" started-at="2020-10-03T16:33:13Z" finished-at="2020-10-03T16:33:44Z">
          <reporter-output>
          </reporter-output>
        </test-method> <!-- setUp -->
        <test-method status="PASS" signature="test()[pri:0, instance:Manipal.AppiumProject.CreatedOnComputers@1e88b3c]" name="test" duration-ms="7982" started-at="2020-10-03T16:33:44Z" finished-at="2020-10-03T16:33:52Z">
          <reporter-output>
          </reporter-output>
        </test-method> <!-- test -->
        <test-method status="PASS" signature="tearDown()[pri:0, instance:Manipal.AppiumProject.CreatedOnComputers@1e88b3c]" name="tearDown" is-config="true" duration-ms="3763" started-at="2020-10-03T16:33:52Z" finished-at="2020-10-03T16:33:56Z">
          <reporter-output>
          </reporter-output>
        </test-method> <!-- tearDown -->
      </class> <!-- Manipal.AppiumProject.CreatedOnComputers -->
    </test> <!-- Default test -->
  </suite> <!-- Default suite -->
</testng-results>
